11:26:18.334 [main] DEBUG resources.Base - Password is entered
11:26:20.662 [main] DEBUG resources.Base - Submit Button is clicked
11:26:39.298 [main] DEBUG resources.Base - Stay sign In button clicked
11:26:39.309 [main] DEBUG resources.Base - Title verified and sign is successful
11:26:42.852 [main] INFO  resources.Base - Sign is successful
11:26:44.743 [main] INFO  resources.Base - StrategicSite Page is open
11:26:44.746 [main] INFO  resources.Base - StrategicSite form is Open
11:26:46.435 [main] DEBUG resources.Base - Initiator Designation is selected
11:26:48.223 [main] DEBUG resources.Base - User Department is selected
11:26:49.906 [main] DEBUG resources.Base - Budget Category is selected
11:26:51.608 [main] DEBUG resources.Base - WorkExecutedBy is selected
11:26:51.757 [main] DEBUG resources.Base - EBLineDistance is entered
11:26:51.914 [main] DEBUG resources.Base - Indus ID is entered
11:26:53.713 [main] DEBUG resources.Base - EBLineType is selected
11:26:56.932 [main] DEBUG resources.Base - Site Name is entered
11:26:58.518 [main] DEBUG resources.Base - Connection Type is selected
11:27:00.232 [main] DEBUG resources.Base - Site Type is selected
11:27:00.491 [main] DEBUG resources.Base - TransformerRating is Entered
11:27:00.584 [main] DEBUG resources.Base - Applied Load is Entered
11:27:00.681 [main] DEBUG resources.Base - Additional Load is entered
11:27:02.414 [main] DEBUG resources.Base - Subject is Entered
11:27:02.625 [main] DEBUG resources.Base - Praposal is Entered
11:27:02.821 [main] DEBUG resources.Base - Background is Entered
11:27:02.996 [main] DEBUG resources.Base - Justification is Entered
11:27:03.183 [main] DEBUG resources.Base - FinalImplication is Entered
11:27:03.338 [main] DEBUG resources.Base - Total Amount is Entered
11:27:03.444 [main] DEBUG resources.Base - Additional Amount is Entered
11:27:03.537 [main] DEBUG resources.Base - Diesel Cost is Entered
11:27:05.125 [main] DEBUG resources.Base - ROI Attachment is Attached
11:27:05.330 [main] DEBUG resources.Base - BudgetHead is Entered
11:27:05.578 [main] DEBUG resources.Base - Preferred Supplier is Entered
11:27:05.783 [main] DEBUG resources.Base - Reason For Overspending is Entered
11:27:05.981 [main] DEBUG resources.Base - Remarks is Entered
11:27:06.244 [main] DEBUG resources.Base - Recommendation is Entered
11:27:07.801 [main] DEBUG resources.Base - Attachment is Attached
11:27:07.995 [main] DEBUG resources.Base - user comment is Entered
11:27:07.995 [main] INFO  resources.Base - Values entered successfully
11:27:07.997 [main] INFO  resources.Base - Values entered successfully
11:27:27.162 [main] INFO  resources.Base - New Site form is submitted successfully
